This is LuaTeX, Version beta-0.80.0 (TeX Live 2015/Debian) (rev 5238)  (format=lualatex 2016.6.22)  29 JUN 2016 20:53
 restricted \write18 enabled.
**JMOD.tex
(./JMOD.tex
LaTeX2e <2016/02/01>
Babel <3.9q> and hyphenation patterns for 1 language(s) loaded.
(/usr/share/texlive/texmf-dist/tex/latex/base/article.cls
Document Class: article 2014/09/29 v1.4h Standard LaTeX document class
(/usr/share/texlive/texmf-dist/tex/latex/base/size12.clo
File: size12.clo 2014/09/29 v1.4h Standard LaTeX file (size option)
)
\c@part=\count79
\c@section=\count80
\c@subsection=\count81
\c@subsubsection=\count82
\c@paragraph=\count83
\c@subparagraph=\count84
\c@figure=\count85
\c@table=\count86
\abovecaptionskip=\skip41
\belowcaptionskip=\skip42
\bibindent=\dimen102
)
(/usr/share/texlive/texmf-dist/tex/latex/geometry/geometry.sty
Package: geometry 2010/09/12 v5.6 Page Geometry

(/usr/share/texlive/texmf-dist/tex/latex/graphics/keyval.sty
Package: keyval 2014/10/28 v1.15 key=value parser (DPC)
\KV@toks@=\toks14
)
(/usr/share/texlive/texmf-dist/tex/generic/oberdiek/ifpdf.sty
Package: ifpdf 2011/01/30 v2.3 Provides the ifpdf switch (HO)
Package ifpdf Info: pdfTeX in PDF mode is detected.
)
(/usr/share/texlive/texmf-dist/tex/generic/oberdiek/ifvtex.sty
Package: ifvtex 2010/03/01 v1.5 Detect VTeX and its facilities (HO)
Package ifvtex Info: VTeX not detected.
)
(/usr/share/texlive/texmf-dist/tex/generic/ifxetex/ifxetex.sty
Package: ifxetex 2010/09/12 v0.6 Provides ifxetex conditional
)
\Gm@cnth=\count87
\Gm@cntv=\count88
\c@Gm@tempcnt=\count89
\Gm@bindingoffset=\dimen103
\Gm@wd@mp=\dimen104
\Gm@odd@mp=\dimen105
\Gm@even@mp=\dimen106
\Gm@layoutwidth=\dimen107
\Gm@layoutheight=\dimen108
\Gm@layouthoffset=\dimen109
\Gm@layoutvoffset=\dimen110
\Gm@dimlist=\toks15
)
(/usr/share/texlive/texmf-dist/tex/latex/tools/multicol.sty
Package: multicol 2015/08/19 v1.8n multicolumn formatting (FMi)
\c@tracingmulticols=\count90
\mult@box=\box26
\multicol@leftmargin=\dimen111
\c@unbalance=\count91
\c@collectmore=\count92
\doublecol@number=\count93
\multicoltolerance=\count94
\multicolpretolerance=\count95
\full@width=\dimen112
\page@free=\dimen113
\premulticols=\dimen114
\postmulticols=\dimen115
\multicolsep=\skip43
\multicolbaselineskip=\skip44
\partial@page=\box27
\last@line=\box28
\maxbalancingoverflow=\dimen116
\mult@rightbox=\box29
\mult@grightbox=\box30
\mult@gfirstbox=\box31
\mult@firstbox=\box32
\@tempa=\box33
\@tempa=\box34
\@tempa=\box35
\@tempa=\box36
\@tempa=\box37
\@tempa=\box38
\@tempa=\box39
\@tempa=\box40
\@tempa=\box41
\@tempa=\box42
\@tempa=\box43
\@tempa=\box44
\@tempa=\box45
\@tempa=\box46
\@tempa=\box47
\@tempa=\box48
\@tempa=\box49
\c@columnbadness=\count96
\c@finalcolumnbadness=\count97
\last@try=\dimen117
\multicolovershoot=\dimen118
\multicolundershoot=\dimen119
\mult@nat@firstbox=\box50
\colbreak@box=\box51
\mc@col@check@num=\count98
)
(/usr/share/texlive/texmf-dist/tex/latex/parskip/parskip.sty
Package: parskip 2001/04/09 non-zero parskip adjustments
)
(/usr/share/texlive/texmf-dist/tex/generic/oberdiek/ifluatex.sty
Package: ifluatex 2010/03/01 v1.3 Provides the ifluatex switch (HO)
Package ifluatex Info: LuaTeX detected.
)
(/usr/share/texlive/texmf-dist/tex/latex/fontspec/fontspec.sty
(/usr/share/texlive/texmf-dist/tex/latex/l3kernel/expl3.sty
Package: expl3 2016/01/19 v6377 L3 programming layer (loader) 

(/usr/share/texlive/texmf-dist/tex/latex/l3kernel/expl3-code.tex
Package: expl3 2016/01/19 v6377 L3 programming layer (code)
L3 Module: l3bootstrap 2016/01/01 v6339 L3 Bootstrap code
\ucharcat@table=\catcodetable5
L3 Module: l3names 2015/12/21 v6328 L3 Namespace for primitives
L3 Module: l3basics 2015/11/22 v6315 L3 Basic definitions
L3 Module: l3expan 2015/09/10 v5983 L3 Argument expansion
L3 Module: l3tl 2015/09/29 v6121 L3 Token lists
L3 Module: l3str 2016/01/03 v6357 L3 Strings
L3 Module: l3seq 2015/08/05 v5777 L3 Sequences and stacks
L3 Module: l3int 2016/01/05 v6366 L3 Integers
\c_max_int=\count99
\l_tmpa_int=\count100
\l_tmpb_int=\count101
\g_tmpa_int=\count102
\g_tmpb_int=\count103
L3 Module: l3quark 2015/08/17 v5855 L3 Quarks
L3 Module: l3prg 2015/11/01 v6216 L3 Control structures
\g__prg_map_int=\count104
L3 Module: l3clist 2015/09/02 v5901 L3 Comma separated lists
L3 Module: l3token 2015/11/11 v6249 L3 Experimental token manipulation
L3 Module: l3prop 2016/01/05 v6366 L3 Property lists
L3 Module: l3msg 2015/09/28 v6113 L3 Messages
L3 Module: l3file 2015/12/03 v6317 L3 File and I/O operations
\l_iow_line_count_int=\count105
\l__iow_target_count_int=\count106
\l__iow_current_line_int=\count107
\l__iow_current_word_int=\count108
\l__iow_current_indentation_int=\count109
L3 Module: l3skip 2016/01/05 v6366 L3 Dimensions and skips
\c_zero_dim=\dimen120
\c_max_dim=\dimen121
\l_tmpa_dim=\dimen122
\l_tmpb_dim=\dimen123
\g_tmpa_dim=\dimen124
\g_tmpb_dim=\dimen125
\c_zero_skip=\skip45
\c_max_skip=\skip46
\l_tmpa_skip=\skip47
\l_tmpb_skip=\skip48
\g_tmpa_skip=\skip49
\g_tmpb_skip=\skip50
\c_zero_muskip=\muskip10
\c_max_muskip=\muskip11
\l_tmpa_muskip=\muskip12
\l_tmpb_muskip=\muskip13
\g_tmpa_muskip=\muskip14
\g_tmpb_muskip=\muskip15
L3 Module: l3keys 2015/11/17 v6284 L3 Key-value interfaces
\g__keyval_level_int=\count110
\l_keys_choice_int=\count111
L3 Module: l3fp 2015/08/25 v5890 L3 Floating points
\c__fp_leading_shift_int=\count112
\c__fp_middle_shift_int=\count113
\c__fp_trailing_shift_int=\count114
\c__fp_big_leading_shift_int=\count115
\c__fp_big_middle_shift_int=\count116
\c__fp_big_trailing_shift_int=\count117
\c__fp_Bigg_leading_shift_int=\count118
\c__fp_Bigg_middle_shift_int=\count119
\c__fp_Bigg_trailing_shift_int=\count120
L3 Module: l3box 2015/08/09 v5822 L3 Experimental boxes
\c_empty_box=\box52
\l_tmpa_box=\box53
\l_tmpb_box=\box54
\g_tmpa_box=\box55
\g_tmpb_box=\box56
L3 Module: l3coffins 2015/08/06 v5789 L3 Coffin code layer
\l__coffin_internal_box=\box57
\l__coffin_internal_dim=\dimen126
\l__coffin_offset_x_dim=\dimen127
\l__coffin_offset_y_dim=\dimen128
\l__coffin_x_dim=\dimen129
\l__coffin_y_dim=\dimen130
\l__coffin_x_prime_dim=\dimen131
\l__coffin_y_prime_dim=\dimen132
\c_empty_coffin=\box58
\l__coffin_aligned_coffin=\box59
\l__coffin_aligned_internal_coffin=\box60
\l_tmpa_coffin=\box61
\l_tmpb_coffin=\box62
\l__coffin_display_coffin=\box63
\l__coffin_display_coord_coffin=\box64
\l__coffin_display_pole_coffin=\box65
\l__coffin_display_offset_dim=\dimen133
\l__coffin_display_x_dim=\dimen134
\l__coffin_display_y_dim=\dimen135
L3 Module: l3color 2014/08/23 v5354 L3 Experimental color support
L3 Module: l3sys 2015/09/25 v6087 L3 Experimental system/runtime functions
L3 Module: l3candidates 2016/01/14 v6376 L3 Experimental additions to l3kernel
\l__box_top_dim=\dimen136
\l__box_bottom_dim=\dimen137
\l__box_left_dim=\dimen138
\l__box_right_dim=\dimen139
\l__box_top_new_dim=\dimen140
\l__box_bottom_new_dim=\dimen141
\l__box_left_new_dim=\dimen142
\l__box_right_new_dim=\dimen143
\l__box_internal_box=\box66
\l__coffin_bounding_shift_dim=\dimen144
\l__coffin_left_corner_dim=\dimen145
\l__coffin_right_corner_dim=\dimen146
\l__coffin_bottom_corner_dim=\dimen147
\l__coffin_top_corner_dim=\dimen148
\l__coffin_scaled_total_height_dim=\dimen149
\l__coffin_scaled_width_dim=\dimen150
L3 Module: l3luatex 2015/11/11 v6250 L3 Experimental LuaTeX-specific functions
)
(/usr/share/texlive/texmf-dist/tex/latex/l3kernel/l3pdfmode.def
File: l3pdfmode.def 2015/11/11 v6250 L3 Experimental driver: PDF mode
\l__driver_color_stack_int=\count121
))
(/usr/share/texlive/texmf-dist/tex/latex/l3packages/xparse/xparse.sty
Package: xparse 2016/01/19 v6377 L3 Experimental document command parser
\l__xparse_current_arg_int=\count122
\l__xparse_m_args_int=\count123
\l__xparse_mandatory_args_int=\count124
\l__xparse_processor_int=\count125
\l__xparse_v_nesting_int=\count126
)
Package: fontspec 2016/02/01 v2.5a Font selection for XeLaTeX and LuaLaTeX

(/usr/share/texlive/texmf-dist/tex/luatex/luaotfload/luaotfload.sty
Package: luaotfload 2015/12/09 v2.6 OpenType layout system
Lua module: luaotfload-main 2015/12/09 2.60001 OpenType layout system.
Lua module: lualibs 2015-12-02 2.3 ConTeXt Lua standard libraries.
Lua module: lualibs-extended 2015-12-02 2.3 ConTeXt Lua libraries -- extended co
llection.(using write cache: /home/reteo/.texmf-var/luatex-cache/generic)(using 
read cache: /var/lib/texmf/luatex-cache/generic /home/reteo/.texmf-var/luatex-ca
che/generic)
luaotfload | conf : Root cache directory is /home/reteo/.texmf-var/luatex-cache/
generic/names.
luaotfload | init : Loading fontloader “fontloader-2016-02-12.lua” from kpse
-resolved path “/usr/share/texlive/texmf-dist/tex/luatex/luaotfload/fontloader
-2016-02-12.lua”.
Lua-only attribute luaotfload@state = 1
Lua-only attribute luaotfload@cursbase = 2
Lua-only attribute luaotfload@noligature = 3
luaotfload | init : Context OpenType loader version “2.82”
Inserting `luaotfload.node_processor' at position 1 in `pre_linebreak_filter'.
Inserting `luaotfload.node_processor' at position 1 in `hpack_filter'.
Inserting `luaotfload.define_font' at position 1 in `define_font'.
Lua-only attribute luaotfload_color_attribute = 4
luaotfload | conf : Root cache directory is /home/reteo/.texmf-var/luatex-cache/
generic/names.
Inserting `luaotfload.aux.set_sscale_dimens' at position 1 in `luaotfload.patch_
font'.
Inserting `luaotfload.aux.patch_cambria_domh' at position 2 in `luaotfload.patch
_font'.
Inserting `luaotfload.aux.fixup_fontdata' at position 1 in `luaotfload.patch_fon
t_unsafe'.
Inserting `luaotfload.aux.set_capheight' at position 3 in `luaotfload.patch_font
'.
Inserting `luaotfload.rewrite_fontname' at position 4 in `luaotfload.patch_font'
.
luaotfload | main : initialization completed in 0.076 seconds)
Lua module: fontspec 2016/02/01 2.5a Advanced font selection for LuaLaTeX.
(/usr/share/texlive/texmf-dist/tex/latex/fontspec/fontspec-luatex.sty
Package: fontspec-luatex 2016/02/01 v2.5a Font selection for XeLaTeX and LuaLaTe
X
\l_fontspec_script_int=\count127
\l_fontspec_language_int=\count128
\l_fontspec_strnum_int=\count129
\l__fontspec_tmpa_dim=\dimen151
\l__fontspec_tmpb_dim=\dimen152
\l__fontspec_tmpc_dim=\dimen153
\g__file_internal_ior=\read1

(/usr/share/texlive/texmf-dist/tex/latex/base/fontenc.sty
Package: fontenc 2005/09/27 v1.99g Standard LaTeX package

(/usr/share/texlive/texmf-dist/tex/latex/euenc/eu2enc.def
File: eu2enc.def 2010/05/27 v0.1h Experimental Unicode font encodings
)
LaTeX Font Info:    Try loading font information for EU2+lmr on input line 105.

(/usr/share/texlive/texmf-dist/tex/latex/euenc/eu2lmr.fd
File: eu2lmr.fd 2009/10/30 v1.6 Font defs for Latin Modern
)
luaotfload | db : Font names database loaded from /home/reteo/.texmf-var/luatex-
cache/generic/names/luaotfload-names.luc(compiling luc: /var/lib/texmf/luatex-ca
che/generic/fonts/otf/lmroman10-regular.luc)(load luc: /home/reteo/.texmf-var/lu
atex-cache/generic/fonts/otf/lmroman10-regular.luc))(compiling luc: /var/lib/tex
mf/luatex-cache/generic/fonts/otf/lmroman12-regular.luc)(load luc: /home/reteo/.
texmf-var/luatex-cache/generic/fonts/otf/lmroman12-regular.luc) (/usr/share/tex
live/texmf-dist/tex/xelatex/xunicode/xunicode.sty
File: xunicode.sty 2011/09/09 v0.981 provides access to latin accents and many o
ther characters in Unicode lower plane

(/usr/share/texmf/tex/latex/tipa/t3enc.def
File: t3enc.def 2001/12/31 T3 encoding
(compiling luc: /var/lib/texmf/luatex-cache/generic/fonts/otf/lmromanslant12-reg
ular.luc)(load luc: /home/reteo/.texmf-var/luatex-cache/generic/fonts/otf/lmroma
nslant12-regular.luc)(compiling luc: /var/lib/texmf/luatex-cache/generic/fonts/o
tf/lmroman12-italic.luc)(load luc: /home/reteo/.texmf-var/luatex-cache/generic/f
onts/otf/lmroman12-italic.luc)(compiling luc: /var/lib/texmf/luatex-cache/generi
c/fonts/otf/lmroman12-bold.luc)(load luc: /home/reteo/.texmf-var/luatex-cache/ge
neric/fonts/otf/lmroman12-bold.luc)
LaTeX Font Info:    Try loading font information for EU2+lmss on input line 357.


(/usr/share/texlive/texmf-dist/tex/latex/euenc/eu2lmss.fd
File: eu2lmss.fd 2009/10/30 v1.6 Font defs for Latin Modern
)(compiling luc: /var/lib/texmf/luatex-cache/generic/fonts/otf/lmsans12-regular.
luc)(load luc: /home/reteo/.texmf-var/luatex-cache/generic/fonts/otf/lmsans12-re
gular.luc))
\tipaTiiicode=\count130
\tipasavetokens=\toks16
\tipachecktokens=\toks17

(/usr/share/texlive/texmf-dist/tex/latex/graphics/graphicx.sty
Package: graphicx 2014/10/28 v1.0g Enhanced LaTeX Graphics (DPC,SPQR)

(/usr/share/texlive/texmf-dist/tex/latex/graphics/graphics.sty
Package: graphics 2016/01/03 v1.0q Standard LaTeX Graphics (DPC,SPQR)

(/usr/share/texlive/texmf-dist/tex/latex/graphics/trig.sty
Package: trig 2016/01/03 v1.10 sin cos tan (DPC)
)
(/usr/share/texlive/texmf-dist/tex/latex/latexconfig/graphics.cfg
File: graphics.cfg 2010/04/23 v1.9 graphics configuration of TeX Live
)
Package graphics Info: Driver file: pdftex.def on input line 95.

(/usr/share/texlive/texmf-dist/tex/latex/pdftex-def/pdftex.def
File: pdftex.def 2011/05/27 v0.06d Graphics/color for pdfTeX

(/usr/share/texlive/texmf-dist/tex/generic/oberdiek/infwarerr.sty
Package: infwarerr 2010/04/08 v1.3 Providing info/warning/error messages (HO)
)
(/usr/share/texlive/texmf-dist/tex/generic/oberdiek/ltxcmds.sty
Package: ltxcmds 2011/11/09 v1.22 LaTeX kernel commands for general use (HO)
)
\Gread@gobject=\count131
))
\Gin@req@height=\dimen154
\Gin@req@width=\dimen155
))
.................................................
. LaTeX info: "xparse/define-command"
. 
. Defining command \__fontspec_post_arg:w with sig. 'mmO{}' on line 356.
.................................................
.................................................
. LaTeX info: "xparse/define-command"
. 
. Defining command \fontspec with sig. 'om' on line 358.
.................................................
.................................................
. LaTeX info: "xparse/define-command"
. 
. Defining command \setmainfont with sig. 'om' on line 368.
.................................................
.................................................
. LaTeX info: "xparse/define-command"
. 
. Defining command \setsansfont with sig. 'om' on line 378.
.................................................
.................................................
. LaTeX info: "xparse/define-command"
. 
. Defining command \setmonofont with sig. 'om' on line 388.
.................................................
.................................................
. LaTeX info: "xparse/define-command"
. 
. Defining command \setmathrm with sig. 'om' on line 402.
.................................................
.................................................
. LaTeX info: "xparse/define-command"
. 
. Defining command \setboldmathrm with sig. 'om' on line 410.
.................................................
.................................................
. LaTeX info: "xparse/define-command"
. 
. Defining command \setmathsf with sig. 'om' on line 418.
.................................................
.................................................
. LaTeX info: "xparse/define-command"
. 
. Defining command \setmathtt with sig. 'om' on line 426.
.................................................
.................................................
. LaTeX info: "xparse/define-command"
. 
. Defining command \newfontfamily with sig. 'mom' on line 440.
.................................................
.................................................
. LaTeX info: "xparse/define-command"
. 
. Defining command \newfontface with sig. 'mom' on line 456.
.................................................
.................................................
. LaTeX info: "xparse/define-command"
. 
. Defining command \defaultfontfeatures with sig. 't+om' on line 470.
.................................................
.................................................
. LaTeX info: "xparse/define-command"
. 
. Defining command \addfontfeatures with sig. 'm' on line 533.
.................................................
.................................................
. LaTeX info: "xparse/define-command"
. 
. Defining command \newfontfeature with sig. 'mm' on line 544.
.................................................
.................................................
. LaTeX info: "xparse/define-command"
. 
. Defining command \newAATfeature with sig. 'mmmm' on line 552.
.................................................
.................................................
. LaTeX info: "xparse/define-command"
. 
. Defining command \newopentypefeature with sig. 'mmm' on line 560.
.................................................
.................................................
. LaTeX info: "xparse/define-command"
. 
. Defining command \aliasfontfeature with sig. 'mm' on line 581.
.................................................
.................................................
. LaTeX info: "xparse/define-command"
. 
. Defining command \aliasfontfeatureoption with sig. 'mmm' on line 590.
.................................................
.................................................
. LaTeX info: "xparse/define-command"
. 
. Defining command \newfontscript with sig. 'mm' on line 594.
.................................................
.................................................
. LaTeX info: "xparse/define-command"
. 
. Defining command \newfontlanguage with sig. 'mm' on line 598.
.................................................
.................................................
. LaTeX info: "xparse/define-command"
. 
. Defining command \DeclareFontsExtensions with sig. 'm' on line 603.
.................................................
\l__fontspec_tmp_int=\count132

(/usr/share/texlive/texmf-dist/tex/latex/fontspec/fontspec.cfg)
LaTeX Info: Redefining \itshape on input line 2629.
LaTeX Info: Redefining \slshape on input line 2634.
LaTeX Info: Redefining \scshape on input line 2639.
LaTeX Info: Redefining \upshape on input line 2644.
\l__fontspec_em_int=\count133
\l__fontspec_emdef_int=\count134
LaTeX Info: Redefining \em on input line 2660.
LaTeX Info: Redefining \emph on input line 2666.
LaTeX Info: Redefining \- on input line 2670.
.................................................
. LaTeX info: "xparse/redefine-command"
. 
. Redefining command \oldstylenums with sig. 'm' on line 2765.
.................................................
.................................................
. LaTeX info: "xparse/define-command"
. 
. Defining command \liningnums with sig. 'm' on line 2769.
.................................................
))
luaotfload | cache : Lookup cache loaded from /home/reteo/.texmf-var/luatex-cach
e/generic/names/luaotfload-lookup-cache.luc.
luaotfload | load : Lookup/name: "Linux Biolinum O" -> "LinBiolinum_R.otf"(compi
ling luc: /var/lib/texmf/luatex-cache/generic/fonts/otf/linbiolinum-r.luc)(load 
luc: /home/reteo/.texmf-var/luatex-cache/generic/fonts/otf/linbiolinum-r.luc)
luaotfload | load : Lookup/name: "Linux Biolinum O" -> "LinBiolinum_R.otf"
\g__fontspec_family_LinuxBiolinumO_int=\count135
luaotfload | load : Lookup/name: "Linux Biolinum O" -> "LinBiolinum_R.otf"
luaotfload | load : Lookup/name: "Linux Biolinum O" -> "LinBiolinum_RBO.otf"(com
piling luc: /var/lib/texmf/luatex-cache/generic/fonts/otf/linbiolinum-rbo.luc)(l
oad luc: /home/reteo/.texmf-var/luatex-cache/generic/fonts/otf/linbiolinum-rbo.l
uc)
luaotfload | load : Lookup/name: "Linux Biolinum O" -> "LinBiolinum_R.otf"
luaotfload | load : Lookup/name: "Linux Biolinum O" -> "LinBiolinum_RB.otf"(comp
iling luc: /var/lib/texmf/luatex-cache/generic/fonts/otf/linbiolinum-rb.luc)(loa
d luc: /home/reteo/.texmf-var/luatex-cache/generic/fonts/otf/linbiolinum-rb.luc)
luaotfload | load : Lookup/name: "Linux Biolinum O" -> "LinBiolinum_R.otf"
luaotfload | load : Lookup/name: "Linux Biolinum O" -> "LinBiolinum_RI.otf"(comp
iling luc: /var/lib/texmf/luatex-cache/generic/fonts/otf/linbiolinum-ri.luc)(loa
d luc: /home/reteo/.texmf-var/luatex-cache/generic/fonts/otf/linbiolinum-ri.luc)
luaotfload | load : Lookup/name: "LinuxBiolinumO" -> "LinBiolinum_R.otf"
luaotfload | load : Lookup/name: "LinuxBiolinumO" -> "LinBiolinum_R.otf"
luaotfload | load : Lookup/name: "LinuxBiolinumO" -> "LinBiolinum_RB.otf"
luaotfload | load : Lookup/name: "LinuxBiolinumO" -> "LinBiolinum_RB.otf"
luaotfload | load : Lookup/name: "LinuxBiolinumO" -> "LinBiolinum_RI.otf"
luaotfload | load : Lookup/name: "LinuxBiolinumO" -> "LinBiolinum_RI.otf"
luaotfload | load : Lookup/name: "LinuxBiolinumO" -> "LinBiolinum_RBO.otf"
luaotfload | load : Lookup/name: "LinuxBiolinumO" -> "LinBiolinum_RBO.otf"
.................................................
. fontspec info: "defining-font"
. 
. Font family 'LinuxBiolinumO(0)' created for font 'Linux Biolinum O' with
. options [Ligatures=TeX,Ligatures=TeX].
. 
. This font family consists of the following NFSS series/shapes:
. - 'normal' (m/n) with NFSS spec.:
. <->"LinuxBiolinumO:mode=node;script=latn;language=DFLT;+tlig;+tlig;"
. - 'small caps'  (m/sc) with NFSS spec.:
. <->"LinuxBiolinumO:mode=node;script=latn;language=DFLT;+tlig;+tlig;+smcp;"-
. 'bold' (bx/n) with NFSS spec.:
. <->"LinuxBiolinumO/B:mode=node;script=latn;language=DFLT;+tlig;+tlig;"
. - 'bold small caps'  (bx/sc) with NFSS spec.:
. <->"LinuxBiolinumO/B:mode=node;script=latn;language=DFLT;+tlig;+tlig;+smcp;"-
. 'italic' (m/it) with NFSS spec.:
. <->"LinuxBiolinumO/I:mode=node;script=latn;language=DFLT;+tlig;+tlig;"
. - 'italic small caps'  (m/itsc) with NFSS spec.:
. <->"LinuxBiolinumO/I:mode=node;script=latn;language=DFLT;+tlig;+tlig;+smcp;"-
. 'bold italic' (bx/it) with NFSS spec.:
. <->"LinuxBiolinumO/BI:mode=node;script=latn;language=DFLT;+tlig;+tlig;"
. - 'bold italic small caps'  (bx/itsc) with NFSS spec.:
. <->"LinuxBiolinumO/BI:mode=node;script=latn;language=DFLT;+tlig;+tlig;+smcp;"
.................................................
luaotfload | load : Lookup/name: "Linux Libertine O" -> "LinLibertine_R.otf"(com
piling luc: /var/lib/texmf/luatex-cache/generic/fonts/otf/linlibertine-r.luc)(lo
ad luc: /home/reteo/.texmf-var/luatex-cache/generic/fonts/otf/linlibertine-r.luc
)
luaotfload | load : Lookup/name: "Linux Libertine O" -> "LinLibertine_R.otf"
\g__fontspec_family_LinuxLibertineO_int=\count136
luaotfload | load : Lookup/name: "Linux Libertine O" -> "LinLibertine_R.otf"
luaotfload | load : Lookup/name: "Linux Libertine O" -> "LinLibertine_RBI.otf"(c
ompiling luc: /var/lib/texmf/luatex-cache/generic/fonts/otf/linlibertine-rbi.luc
)(load luc: /home/reteo/.texmf-var/luatex-cache/generic/fonts/otf/linlibertine-r
bi.luc)
luaotfload | load : Lookup/name: "Linux Libertine O" -> "LinLibertine_R.otf"
luaotfload | load : Lookup/name: "Linux Libertine O" -> "LinLibertine_RB.otf"(co
mpiling luc: /var/lib/texmf/luatex-cache/generic/fonts/otf/linlibertine-rb.luc)(
load luc: /home/reteo/.texmf-var/luatex-cache/generic/fonts/otf/linlibertine-rb.
luc)
luaotfload | load : Lookup/name: "Linux Libertine O" -> "LinLibertine_R.otf"
luaotfload | load : Lookup/name: "Linux Libertine O" -> "LinLibertine_RI.otf"(co
mpiling luc: /var/lib/texmf/luatex-cache/generic/fonts/otf/linlibertine-ri.luc)(
load luc: /home/reteo/.texmf-var/luatex-cache/generic/fonts/otf/linlibertine-ri.
luc)
luaotfload | load : Lookup/name: "LinuxLibertineO" -> "LinLibertine_R.otf"
luaotfload | load : Lookup/name: "LinuxLibertineO" -> "LinLibertine_R.otf"
luaotfload | load : Lookup/name: "LinuxLibertineO" -> "LinLibertine_RB.otf"
luaotfload | load : Lookup/name: "LinuxLibertineO" -> "LinLibertine_RB.otf"
luaotfload | load : Lookup/name: "LinuxLibertineO" -> "LinLibertine_RI.otf"
luaotfload | load : Lookup/name: "LinuxLibertineO" -> "LinLibertine_RI.otf"
luaotfload | load : Lookup/name: "LinuxLibertineO" -> "LinLibertine_RBI.otf"
luaotfload | load : Lookup/name: "LinuxLibertineO" -> "LinLibertine_RBI.otf"
.................................................
. fontspec info: "defining-font"
. 
. Font family 'LinuxLibertineO(0)' created for font 'Linux Libertine O' with
. options [Ligatures=TeX,Ligatures=TeX].
. 
. This font family consists of the following NFSS series/shapes:
. - 'normal' (m/n) with NFSS spec.:
. <->"LinuxLibertineO:mode=node;script=latn;language=DFLT;+tlig;+tlig;"
. - 'small caps'  (m/sc) with NFSS spec.:
. <->"LinuxLibertineO:mode=node;script=latn;language=DFLT;+tlig;+tlig;+smcp;"-
. 'bold' (bx/n) with NFSS spec.:
. <->"LinuxLibertineO/B:mode=node;script=latn;language=DFLT;+tlig;+tlig;"
. - 'bold small caps'  (bx/sc) with NFSS spec.:
. <->"LinuxLibertineO/B:mode=node;script=latn;language=DFLT;+tlig;+tlig;+smcp;"-

. 'italic' (m/it) with NFSS spec.:
. <->"LinuxLibertineO/I:mode=node;script=latn;language=DFLT;+tlig;+tlig;"
. - 'italic small caps'  (m/itsc) with NFSS spec.:
. <->"LinuxLibertineO/I:mode=node;script=latn;language=DFLT;+tlig;+tlig;+smcp;"-

. 'bold italic' (bx/it) with NFSS spec.:
. <->"LinuxLibertineO/BI:mode=node;script=latn;language=DFLT;+tlig;+tlig;"
. - 'bold italic small caps'  (bx/itsc) with NFSS spec.:
. <->"LinuxLibertineO/BI:mode=node;script=latn;language=DFLT;+tlig;+tlig;+smcp;"

.................................................
luaotfload | load : Lookup/name: "LinuxLibertineO" -> "LinLibertine_R.otf"
luaotfload | load : Lookup/name: "Linux Libertine Mono O" -> "LinLibertine_M.otf
"(compiling luc: /var/lib/texmf/luatex-cache/generic/fonts/otf/linlibertine-m.lu
c)(load luc: /home/reteo/.texmf-var/luatex-cache/generic/fonts/otf/linlibertine-
m.luc)
luaotfload | load : Lookup/name: "Linux Libertine Mono O" -> "LinLibertine_M.otf
"
\g__fontspec_family_LinuxLibertineMonoO_int=\count137
luaotfload | load : Lookup/name: "Linux Libertine Mono O" -> "LinLibertine_M.otf
"
luaotfload | load : Lookup/name: "Linux Libertine Mono O" -> "LinLibertine_M.otf
"
.................................................
. fontspec info: "no-font-shape"
. 
. Could not resolve font Linux Libertine Mono O/BI (it probably doesn't
. exist).
.................................................
luaotfload | load : Lookup/name: "Linux Libertine Mono O" -> "LinLibertine_M.otf
"
luaotfload | load : Lookup/name: "Linux Libertine Mono O" -> "LinLibertine_M.otf
"
.................................................
. fontspec info: "no-font-shape"
. 
. Could not resolve font Linux Libertine Mono O/B (it probably doesn't exist).
.................................................
luaotfload | load : Lookup/name: "Linux Libertine Mono O" -> "LinLibertine_M.otf
"
luaotfload | load : Lookup/name: "Linux Libertine Mono O" -> "LinLibertine_M.otf
"
.................................................
. fontspec info: "no-font-shape"
. 
. Could not resolve font Linux Libertine Mono O/I (it probably doesn't exist).
.................................................
luaotfload | load : Lookup/name: "LinuxLibertineMonoO" -> "LinLibertine_M.otf"
luaotfload | load : Lookup/name: "LinuxLibertineMonoO" -> "LinLibertine_M.otf"
luaotfload | aux : font no 31 (LinLibertineMO) does not define feature smcp for 
script latn with language dflt
luaotfload | aux : no font with id 31
.................................................
. fontspec info: "defining-font"
. 
. Font family 'LinuxLibertineMonoO(0)' created for font 'Linux Libertine Mono
. O' with options
. [WordSpace={1,0,0},PunctuationSpace=WordSpace,Ligatures=TeX,Scale=0.85].
. 
. This font family consists of the following NFSS series/shapes:
. - 'normal' (m/n) with NFSS spec.:
. <->s*[0.85]"LinuxLibertineMonoO:mode=node;script=latn;language=DFLT;+tlig;"
. - 'small caps'  (m/sc) with NFSS spec.: 
. and font adjustment code:
. \fontdimen 2\font =1\fontdimen 2\font \fontdimen 3\font =0\fontdimen 3\font
. \fontdimen 4\font =0\fontdimen 4\font \fontdimen 7\font =0\fontdimen 2\font 
.................................................

(/usr/share/texlive/texmf-dist/tex/latex/titlesec/titlesec.sty
Package: titlesec 2016/03/15 v2.10.1 Sectioning titles
\ttl@box=\box67
\beforetitleunit=\skip51
\aftertitleunit=\skip52
\ttl@plus=\dimen156
\ttl@minus=\dimen157
\ttl@toksa=\toks18
\titlewidth=\dimen158
\titlewidthlast=\dimen159
\titlewidthfirst=\dimen160
)
(/usr/share/texlive/texmf-dist/tex/latex/titling/titling.sty
Package: titling 2009/09/04 v2.1d maketitle typesetting
\thanksmarkwidth=\skip53
\thanksmargin=\skip54
\droptitle=\skip55
) (./JMOD.aux)
\openout1 = JMOD.aux

LaTeX Font Info:    Checking defaults for OML/cmm/m/it on input line 54.
LaTeX Font Info:    ... okay on input line 54.
LaTeX Font Info:    Checking defaults for T1/cmr/m/n on input line 54.
LaTeX Font Info:    ... okay on input line 54.
LaTeX Font Info:    Checking defaults for OT1/cmr/m/n on input line 54.
LaTeX Font Info:    ... okay on input line 54.
LaTeX Font Info:    Checking defaults for OMS/cmsy/m/n on input line 54.
LaTeX Font Info:    ... okay on input line 54.
LaTeX Font Info:    Checking defaults for OMX/cmex/m/n on input line 54.
LaTeX Font Info:    ... okay on input line 54.
LaTeX Font Info:    Checking defaults for U/cmr/m/n on input line 54.
LaTeX Font Info:    ... okay on input line 54.
LaTeX Font Info:    Checking defaults for EU2/lmr/m/n on input line 54.
LaTeX Font Info:    ... okay on input line 54.
LaTeX Font Info:    Checking defaults for T3/cmr/m/n on input line 54.
LaTeX Font Info:    Try loading font information for T3+cmr on input line 54.

(/usr/share/texmf/tex/latex/tipa/t3cmr.fd
File: t3cmr.fd 2001/12/31 TIPA font definitions
)
LaTeX Font Info:    ... okay on input line 54.

*geometry* driver: auto-detecting
*geometry* detected driver: pdftex
*geometry* verbose mode - [ preamble ] result:
* driver: pdftex
* paper: letterpaper
* layout: <same size as paper>
* layoutoffset:(h,v)=(0.0pt,0.0pt)
* modes: 
* h-part:(L,W,R)=(72.26999pt, 469.75502pt, 72.26999pt)
* v-part:(T,H,B)=(72.26999pt, 650.43001pt, 72.26999pt)
* \paperwidth=614.295pt
* \paperheight=794.96999pt
* \textwidth=469.75502pt
* \textheight=650.43001pt
* \oddsidemargin=0.0pt
* \evensidemargin=0.0pt
* \topmargin=-37.0pt
* \headheight=12.0pt
* \headsep=25.0pt
* \topskip=12.0pt
* \footskip=30.0pt
* \marginparwidth=44.0pt
* \marginparsep=10.0pt
* \columnsep=10.0pt
* \skip\footins=10.8pt plus 4.0pt minus 2.0pt
* \hoffset=0.0pt
* \voffset=0.0pt
* \mag=1000
* \@twocolumnfalse
* \@twosidefalse
* \@mparswitchfalse
* \@reversemarginfalse
* (1in=72.27pt=25.4mm, 1cm=28.453pt)

(/usr/share/texlive/texmf-dist/tex/context/base/supp-pdf.mkii
[Loading MPS to PDF converter (version 2006.09.02).]
\scratchcounter=\count138
\scratchdimen=\dimen161
\scratchbox=\box68
\nofMPsegments=\count139
\nofMParguments=\count140
\everyMPshowfont=\toks19
\MPscratchCnt=\count141
\MPscratchDim=\dimen162
\MPnumerator=\count142
\makeMPintoPDFobject=\count143
\everyMPtoPDFconversion=\toks20
) (/usr/share/texlive/texmf-dist/tex/generic/oberdiek/pdftexcmds.sty
Package: pdftexcmds 2011/11/29 v0.20 Utility functions of pdfTeX for LuaTeX (HO)

Package pdftexcmds Info: \pdf@primitive is available.
Package pdftexcmds Info: \pdf@ifprimitive is available.
Package pdftexcmds Info: \pdfdraftmode found.

(/usr/share/texlive/texmf-dist/tex/generic/oberdiek/luatex-loader.sty
Package: luatex-loader 2010/03/09 v0.4 Lua module loader (HO)

(/usr/share/texlive/texmf-dist/scripts/oberdiek/oberdiek.luatex.lua))
\pdftexcmds@toks=\toks21
)
(/usr/share/texlive/texmf-dist/tex/latex/oberdiek/epstopdf-base.sty
Package: epstopdf-base 2010/02/09 v2.5 Base part for package epstopdf

(/usr/share/texlive/texmf-dist/tex/latex/oberdiek/grfext.sty
Package: grfext 2010/08/19 v1.1 Manage graphics extensions (HO)

(/usr/share/texlive/texmf-dist/tex/generic/oberdiek/kvdefinekeys.sty
Package: kvdefinekeys 2011/04/07 v1.3 Define keys (HO)
))
(/usr/share/texlive/texmf-dist/tex/latex/oberdiek/kvoptions.sty
Package: kvoptions 2011/06/30 v3.11 Key value format for package options (HO)

(/usr/share/texlive/texmf-dist/tex/generic/oberdiek/kvsetkeys.sty
Package: kvsetkeys 2012/04/25 v1.16 Key value parser (HO)

(/usr/share/texlive/texmf-dist/tex/generic/oberdiek/etexcmds.sty
Package: etexcmds 2011/02/16 v1.5 Avoid name clashes with e-TeX commands (HO)
)))
Package grfext Info: Graphics extension search list:
(grfext)             [.png,.pdf,.jpg,.mps,.tif,.jpeg,.PNG,.PDF,.JPG,.JPEG,.eps]
(grfext)             \AppendGraphicsExtensions on input line 452.

(/usr/share/texlive/texmf-dist/tex/latex/latexconfig/epstopdf-sys.cfg
File: epstopdf-sys.cfg 2010/07/13 v1.3 Configuration of (r)epstopdf for TeX Live

))
.................................................
. fontspec info: "setup-math"
. 
. Adjusting the maths setup (use [no-math] to avoid this).
.................................................
\symlegacymaths=\mathgroup4
LaTeX Font Info:    Overwriting symbol font `legacymaths' in version `bold'
(Font)                  OT1/cmr/m/n --> OT1/cmr/bx/n on input line 54.
LaTeX Font Info:    Redeclaring math accent \acute on input line 54.
LaTeX Font Info:    Redeclaring math accent \grave on input line 54.
LaTeX Font Info:    Redeclaring math accent \ddot on input line 54.
LaTeX Font Info:    Redeclaring math accent \tilde on input line 54.
LaTeX Font Info:    Redeclaring math accent \bar on input line 54.
LaTeX Font Info:    Redeclaring math accent \breve on input line 54.
LaTeX Font Info:    Redeclaring math accent \check on input line 54.
LaTeX Font Info:    Redeclaring math accent \hat on input line 54.
LaTeX Font Info:    Redeclaring math accent \dot on input line 54.
LaTeX Font Info:    Redeclaring math accent \mathring on input line 54.
LaTeX Font Info:    Redeclaring math symbol \colon on input line 54.
LaTeX Font Info:    Redeclaring math symbol \Gamma on input line 54.
LaTeX Font Info:    Redeclaring math symbol \Delta on input line 54.
LaTeX Font Info:    Redeclaring math symbol \Theta on input line 54.
LaTeX Font Info:    Redeclaring math symbol \Lambda on input line 54.
LaTeX Font Info:    Redeclaring math symbol \Xi on input line 54.
LaTeX Font Info:    Redeclaring math symbol \Pi on input line 54.
LaTeX Font Info:    Redeclaring math symbol \Sigma on input line 54.
LaTeX Font Info:    Redeclaring math symbol \Upsilon on input line 54.
LaTeX Font Info:    Redeclaring math symbol \Phi on input line 54.
LaTeX Font Info:    Redeclaring math symbol \Psi on input line 54.
LaTeX Font Info:    Redeclaring math symbol \Omega on input line 54.
LaTeX Font Info:    Redeclaring math symbol \mathdollar on input line 54.
LaTeX Font Info:    Redeclaring symbol font `operators' on input line 54.
LaTeX Font Info:    Encoding `OT1' has changed to `EU2' for symbol font
(Font)              `operators' in the math version `normal' on input line 54.
LaTeX Font Info:    Overwriting symbol font `operators' in version `normal'
(Font)                  OT1/cmr/m/n --> EU2/LinuxLibertineO(0)/m/n on input line
 54.
LaTeX Font Info:    Encoding `OT1' has changed to `EU2' for symbol font
(Font)              `operators' in the math version `bold' on input line 54.
LaTeX Font Info:    Overwriting symbol font `operators' in version `bold'
(Font)                  OT1/cmr/bx/n --> EU2/LinuxLibertineO(0)/m/n on input lin
e 54.
LaTeX Font Info:    Overwriting symbol font `operators' in version `normal'
(Font)                  EU2/LinuxLibertineO(0)/m/n --> EU2/LinuxLibertineO(0)/m/
n on input line 54.
LaTeX Font Info:    Overwriting math alphabet `\mathit' in version `normal'
(Font)                  OT1/cmr/m/it --> EU2/LinuxLibertineO(0)/m/it on input li
ne 54.
LaTeX Font Info:    Overwriting math alphabet `\mathbf' in version `normal'
(Font)                  OT1/cmr/bx/n --> EU2/LinuxLibertineO(0)/bx/n on input li
ne 54.
LaTeX Font Info:    Overwriting math alphabet `\mathsf' in version `normal'
(Font)                  OT1/cmss/m/n --> EU2/LinuxBiolinumO(0)/m/n on input line
 54.
LaTeX Font Info:    Overwriting math alphabet `\mathtt' in version `normal'
(Font)                  OT1/cmtt/m/n --> EU2/LinuxLibertineMonoO(0)/m/n on input
 line 54.
LaTeX Font Info:    Overwriting symbol font `operators' in version `bold'
(Font)                  EU2/LinuxLibertineO(0)/m/n --> EU2/LinuxLibertineO(0)/bx
/n on input line 54.
LaTeX Font Info:    Overwriting math alphabet `\mathit' in version `bold'
(Font)                  OT1/cmr/bx/it --> EU2/LinuxLibertineO(0)/bx/it on input 
line 54.
LaTeX Font Info:    Overwriting math alphabet `\mathsf' in version `bold'
(Font)                  OT1/cmss/bx/n --> EU2/LinuxBiolinumO(0)/bx/n on input li
ne 54.
LaTeX Font Info:    Overwriting math alphabet `\mathtt' in version `bold'
(Font)                  OT1/cmtt/m/n --> EU2/LinuxLibertineMonoO(0)/bx/n on inpu
t line 54.
luaotfload | load : Lookup/name: "LinuxBiolinumO" -> "LinBiolinum_R.otf"
luaotfload | load : Lookup/name: "LinuxBiolinumO" -> "LinBiolinum_R.otf"
luaotfload | load : Lookup/name: "LinuxBiolinumO" -> "LinBiolinum_R.otf"
luaotfload | load : Lookup/name: "LinuxBiolinumO" -> "LinBiolinum_R.otf"
luaotfload | load : Lookup/name: "LinuxLibertineO" -> "LinLibertine_R.otf"
luaotfload | load : Lookup/name: "LinuxLibertineO" -> "LinLibertine_R.otf"
luaotfload | load : Lookup/name: "LinuxLibertineO" -> "LinLibertine_R.otf"
LaTeX Font Info:    External font `cmex10' loaded for size
(Font)              <14.4> on input line 55.
LaTeX Font Info:    External font `cmex10' loaded for size
(Font)              <7> on input line 55.

[1

{/var/lib/texmf/fonts/map/pdftex/updmap/pdftex.map}]
luaotfload | load : Lookup/name: "LinuxLibertineO" -> "LinLibertine_R.otf"
luaotfload | load : Lookup/name: "LinuxBiolinumO" -> "LinBiolinum_R.otf"
luaotfload | load : Lookup/name: "LinuxBiolinumO" -> "LinBiolinum_RB.otf" (./JM
OD.toc
luaotfload | load : Lookup/name: "LinuxLibertineO" -> "LinLibertine_RB.otf"
luaotfload | load : Lookup/name: "LinuxLibertineO" -> "LinLibertine_R.otf"
luaotfload | load : Lookup/name: "LinuxLibertineO" -> "LinLibertine_R.otf"
LaTeX Font Info:    External font `cmex10' loaded for size
(Font)              <12> on input line 2.
LaTeX Font Info:    External font `cmex10' loaded for size
(Font)              <8> on input line 2.
LaTeX Font Info:    External font `cmex10' loaded for size
(Font)              <6> on input line 2.
 [1])
\tf@toc=\write3

\openout3 = JMOD.toc

[2] [3]
LaTeX Font Info:    Font shape `EU2/LinuxLibertineMonoO(0)/m/n' will be
(Font)              scaled to size 10.20007pt on input line 91.
luaotfload | load : Lookup/name: "LinuxLibertineMonoO" -> "LinLibertine_M.otf"
luaotfload | load : Lookup/name: "LinuxBiolinumO" -> "LinBiolinum_RB.otf" [4]
luaotfload | load : Lookup/name: "LinuxBiolinumO" -> "LinBiolinum_RB.otf" [5]

LaTeX Font Warning: Font shape `EU2/LinuxLibertineMonoO(0)/m/it' undefined
(Font)              using `EU2/LinuxLibertineMonoO(0)/m/n' instead on input line
 148.

LaTeX Font Info:    Font shape `EU2/LinuxLibertineMonoO(0)/m/it' will be
(Font)              scaled to size 10.20007pt on input line 160.
luaotfload | load : Lookup/name: "LinuxLibertineMonoO" -> "LinLibertine_M.otf" 
[6] [7]
Overfull \hbox (7.4588pt too wide) in paragraph at lines 250--251
[][]\EU2/LinuxLibertineMonoO(0)/m/it/12 ad-dTool-Ma-te-rial(``material id'', ha
r-vest level, dura-bil-ity, ef-fi-
 []


Overfull \hbox (27.04294pt too wide) in paragraph at lines 268--269
[][]\EU2/LinuxLibertineMonoO(0)/m/it/12 ad-dAr-mor-Ma-te-rial(``material id'', 
base dam-age re-duc-tion, hel-met mod-
 []


Overfull \hbox (49.2231pt too wide) in paragraph at lines 268--269
\EU2/LinuxLibertineMonoO(0)/m/it/12 i-fier, chest-plate mod-i-fier, leg-gings m
od-i-fier, boots mod-i-fier, en-chantabil-
 []

[8]
Overfull \hbox (33.57098pt too wide) in paragraph at lines 288--289
[][]\EU2/LinuxLibertineMonoO(0)/m/it/12 ad-dAl-loy(``result'', ``first in-got''
, ``second in-got'', re-sult-ing amount) 
 []


Overfull \hbox (7.4588pt too wide) in paragraph at lines 316--317
[][]\EU2/LinuxLibertineMonoO(0)/m/it/12 ad-dItem(``item id name'', ``class'', s
tack size, ``cre-ative tab id'') 
 []

[9] [10]
Overfull \hbox (0.93076pt too wide) in paragraph at lines 440--441
[][]\EU2/LinuxLibertineMonoO(0)/m/it/12 ad-dBlock(``block id name'', ``class'',
 hard-ness, blast re-sis-tance,
 []

[11] [12]
Overfull \hbox (13.98685pt too wide) in paragraph at lines 522--523
[][]\EU2/LinuxLibertineMonoO(0)/m/it/12 addShape-less-Recipe(``block id name'',
 [``in-gre-di-ent'', ``in-gre-di-ent'',
 []

[13] [14]
Overfull \hbox (0.93076pt too wide) in paragraph at lines 648--649
[][]\EU2/LinuxLibertineMonoO(0)/m/it/12 addSmelt-in-gRecipe(``block id name'', 
``item id name'', chance, ex-
 []

[15]
Overfull \hbox (0.93076pt too wide) in paragraph at lines 681--682
[][]\EU2/LinuxLibertineMonoO(0)/m/it/12 Ad-d-Ch-est-Loot(``item id name'', min-
i-mum, max-i-mum, weight, ``tar-get
 []

[16]
luaotfload | load : Lookup/name: "LinuxLibertineO" -> "LinLibertine_RI.otf" [17
]
Overfull \hbox (0.93076pt too wide) in paragraph at lines 757--758
[][]\EU2/LinuxLibertineMonoO(0)/m/it/12 Ro-taryCraft.ad-dBlast-Fur-nac-eRecipe(
``item id name'', tem-per-a-ture,
 []

[18]
Overfull \hbox (13.98685pt too wide) in paragraph at lines 772--773
[][]\EU2/LinuxLibertineMonoO(0)/m/it/12 Ro-taryCraft.ad-dBlast-Fur-naceAl-loy-i
ng(``item id name'', ``main in-gre-
 []

[19] [20] [21] [22] [23] [24] (./JMOD.aux)

LaTeX Font Warning: Some font shapes were not available, defaults substituted.

)

Here is how much of LuaTeX's memory you used:
 15380 strings out of 495004
 100000,383344 words of node,token memory allocated
 446 words of node memory still in use:
   4 hlist, 1 vlist, 1 rule, 2 glue, 4 attribute, 45 glue_spec, 4 attribute_list
, 1 write nodes
   avail lists: 2:597,3:298,4:756,5:389,6:2834,7:31,8:2,9:292,10:206
 18527 multiletter control sequences out of 65536+600000
 66 fonts using 12192439 bytes
 50i,6n,62p,600b,242s stack positions out of 5000i,500n,10000p,200000b,100000s
</usr/share/texlive/texmf-dist/fonts/opentype/public/libertine/LinLibertine_RI.o
tf></usr/share/texlive/texmf-dist/fonts/opentype/public/libertine/LinLibertine_M
.otf></usr/share/texlive/texmf-dist/fonts/opentype/public/libertine/LinLibertine
_R.otf></usr/share/texlive/texmf-dist/fonts/opentype/public/libertine/LinLiberti
ne_RB.otf></usr/share/texlive/texmf-dist/fonts/opentype/public/libertine/LinBiol
inum_RB.otf></usr/share/texlive/texmf-dist/fonts/opentype/public/libertine/LinBi
olinum_R.otf>
Output written on JMOD.pdf (25 pages, 99132 bytes).

PDF statistics: 125 PDF objects out of 1000 (max. 8388607)
 79 compressed objects within 1 object stream
 0 named destinations out of 1000 (max. 131072)
 1 words of extra memory for PDF output out of 10000 (max. 10000000)

